<?xml version="1.0" encoding="UTF-8"?>
<testsuite xmlns:xsi="http://www.w3.org/2001/XMLSchema-instance" xsi:noNamespaceSchemaLocation="https://maven.apache.org/surefire/maven-surefire-plugin/xsd/surefire-test-report.xsd" name="io.github.nathanc5york.ExerciseTests" time="0.023" tests="4" errors="0" skipped="0" failures="0">
  <properties>
[...]
</properties>
  <testcase name="exerciseFactoryTest" classname="io.github.nathanc5york.ExerciseTests" time="0.002"/>
  <testcase name="basicCardioExercise" classname="io.github.nathanc5york.ExerciseTests" time="0"/>
  <testcase name="basicWorkout" classname="io.github.nathanc5york.ExerciseTests" time="0.005"/>
  <testcase name="basicStrengthExercise" classname="io.github.nathanc5york.ExerciseTests" time="0"/>
</testsuite>